# JRE version: OpenJDK Runtime Environment Temurin-21.0.12.1+1 (21.0.12.1+1) (build 21.0.12.1+1-LTS)
# Java VM: OpenJDK 64-Bit Server VM Temurin-21.0.12.1+1 (21.0.12.1+1-LTS, mixed mode, sharing, tiered, compressed oops, compressed class ptrs, g1 gc, windows-amd64)
GC Precious Log:
 CardTable entry size: 512
 Card Set container configuration: InlinePtr #cards 4 size 8 Array Of Cards #cards 32 size 80 Howl #buckets 8 coarsen threshold 7372 Howl Bitmap #cards 1024 size 144 coarsen threshold 921 Card regions per heap region 1 cards per card region 8192
 CPUs: 8 total, 8 available
 Memory: 8071M
 Large Page Support: Disabled
 NUMA Support: Disabled
 Compressed Oops: Enabled (Zero based)
 Heap Region Size: 4M
 Heap Min Capacity: 8M
 Heap Initial Capacity: 128M
 Heap Max Capacity: 8G
 Pre-touch: Disabled
 Parallel Workers: 8
 Concurrent Workers: 2
 Concurrent Refinement Workers: 8
 Periodic GC: Disabled
Heap:
 garbage-first heap   total 184320K, used 135175K [0x0000000600000000, 0x0000000800000000)
  region size 4096K, 9 young (36864K), 1 survivors (4096K)
 Metaspace       used 101185K, committed 103616K, reserved 1179648K
  class space    used 14647K, committed 15872K, reserved 1048576K
GC Heap History (20 events):
Event: 76.208 GC heap before
{Heap before GC invocations=28 (full 0):
 garbage-first heap   total 122880K, used 96524K [0x0000000600000000, 0x0000000800000000)
  region size 4096K, 10 young (40960K), 2 survivors (8192K)
 Metaspace       used 75449K, committed 77696K, reserved 1179648K
  class space    used 11038K, committed 12160K, reserved 1048576K
}
Event: 76.218 GC heap after
{Heap after GC invocations=29 (full 0):
 garbage-first heap   total 122880K, used 69394K [0x0000000600000000, 0x0000000800000000)
  region size 4096K, 1 young (4096K), 1 survivors (4096K)
 Metaspace       used 75449K, committed 77696K, reserved 1179648K
  class space    used 11038K, committed 12160K, reserved 1048576K
}
Event: 77.057 GC heap before
{Heap before GC invocations=29 (full 0):
 garbage-first heap   total 122880K, used 102162K [0x0000000600000000, 0x0000000800000000)
  region size 4096K, 10 young (40960K), 1 survivors (4096K)
 Metaspace       used 75623K, committed 77824K, reserved 1179648K
  class space    used 11056K, committed 12160K, reserved 1048576K
}
Event: 77.068 GC heap after
{Heap after GC invocations=30 (full 0):
 garbage-first heap   total 126976K, used 80595K [0x0000000600000000, 0x0000000800000000)
  region size 4096K, 2 young (8192K), 2 survivors (8192K)
 Metaspace       used 75623K, committed 77824K, reserved 1179648K
  class space    used 11056K, committed 12160K, reserved 1048576K
}
Event: 77.609 GC heap before
{Heap before GC invocations=30 (full 0):
 garbage-first heap   total 126976K, used 105171K [0x0000000600000000, 0x0000000800000000)
  region size 4096K, 9 young (36864K), 2 survivors (8192K)
 Metaspace       used 77164K, committed 79360K, reserved 1179648K
  class space    used 11260K, committed 12352K, reserved 1048576K
}
Event: 77.615 GC heap after
{Heap after GC invocations=31 (full 0):
 garbage-first heap   total 126976K, used 85964K [0x0000000600000000, 0x0000000800000000)
  region size 4096K, 2 young (8192K), 2 survivors (8192K)
 Metaspace       used 77164K, committed 79360K, reserved 1179648K
  class space    used 11260K, committed 12352K, reserved 1048576K
}
Event: 78.093 GC heap before
{Heap before GC invocations=32 (full 0):
 garbage-first heap   total 151552K, used 102348K [0x0000000600000000, 0x0000000800000000)
  region size 4096K, 7 young (28672K), 2 survivors (8192K)
 Metaspace       used 78857K, committed 81088K, reserved 1179648K
  class space    used 11467K, committed 12608K, reserved 1048576K
}
Event: 78.098 GC heap after
{Heap after GC invocations=33 (full 0):
 garbage-first heap   total 151552K, used 86939K [0x0000000600000000, 0x0000000800000000)
  region size 4096K, 1 young (4096K), 1 survivors (4096K)
 Metaspace       used 78857K, committed 81088K, reserved 1179648K
  class space    used 11467K, committed 12608K, reserved 1048576K
}
Event: 79.248 GC heap before
{Heap before GC invocations=33 (full 0):
 garbage-first heap   total 151552K, used 123803K [0x0000000600000000, 0x0000000800000000)
  region size 4096K, 11 young (45056K), 1 survivors (4096K)
 Metaspace       used 82408K, committed 84672K, reserved 1179648K
  class space    used 11870K, committed 12992K, reserved 1048576K
}
Event: 79.258 GC heap after
{Heap after GC invocations=34 (full 0):
 garbage-first heap   total 184320K, used 93038K [0x0000000600000000, 0x0000000800000000)
  region size 4096K, 2 young (8192K), 2 survivors (8192K)
 Metaspace       used 82408K, committed 84672K, reserved 1179648K
  class space    used 11870K, committed 12992K, reserved 1048576K
}
Event: 81.008 GC heap before
{Heap before GC invocations=34 (full 0):
 garbage-first heap   total 184320K, used 154478K [0x0000000600000000, 0x0000000800000000)
  region size 4096K, 17 young (69632K), 2 survivors (8192K)
 Metaspace       used 86497K, committed 88768K, reserved 1179648K
  class space    used 12394K, committed 13504K, reserved 1048576K
}
Event: 81.019 GC heap after
{Heap after GC invocations=35 (full 0):
 garbage-first heap   total 184320K, used 93811K [0x0000000600000000, 0x0000000800000000)
  region size 4096K, 2 young (8192K), 2 survivors (8192K)
 Metaspace       used 86497K, committed 88768K, reserved 1179648K
  class space    used 12394K, committed 13504K, reserved 1048576K
}
Event: 82.668 GC heap before
{Heap before GC invocations=36 (full 0):
 garbage-first heap   total 184320K, used 151155K [0x0000000600000000, 0x0000000800000000)
  region size 4096K, 17 young (69632K), 2 survivors (8192K)
 Metaspace       used 90088K, committed 92480K, reserved 1179648K
  class space    used 12928K, committed 14080K, reserved 1048576K
}
Event: 82.680 GC heap after
{Heap after GC invocations=37 (full 0):
 garbage-first heap   total 184320K, used 100968K [0x0000000600000000, 0x0000000800000000)
  region size 4096K, 3 young (12288K), 3 survivors (12288K)
 Metaspace       used 90088K, committed 92480K, reserved 1179648K
  class space    used 12928K, committed 14080K, reserved 1048576K
}
Event: 84.690 GC heap before
{Heap before GC invocations=37 (full 0):
 garbage-first heap   total 184320K, used 158312K [0x0000000600000000, 0x0000000800000000)
  region size 4096K, 17 young (69632K), 3 survivors (12288K)
 Metaspace       used 93548K, committed 95936K, reserved 1179648K
  class space    used 13397K, committed 14592K, reserved 1048576K
}
Event: 84.706 GC heap after
{Heap after GC invocations=38 (full 0):
 garbage-first heap   total 184320K, used 103368K [0x0000000600000000, 0x0000000800000000)
  region size 4096K, 1 young (4096K), 1 survivors (4096K)
 Metaspace       used 93548K, committed 95936K, reserved 1179648K
  class space    used 13397K, committed 14592K, reserved 1048576K
}
Event: 87.719 GC heap before
{Heap before GC invocations=38 (full 0):
 garbage-first heap   total 184320K, used 160712K [0x0000000600000000, 0x0000000800000000)
  region size 4096K, 15 young (61440K), 1 survivors (4096K)
 Metaspace       used 97990K, committed 100352K, reserved 1179648K
  class space    used 14177K, committed 15360K, reserved 1048576K
}
Event: 87.729 GC heap after
{Heap after GC invocations=39 (full 0):
 garbage-first heap   total 184320K, used 104747K [0x0000000600000000, 0x0000000800000000)
  region size 4096K, 2 young (8192K), 2 survivors (8192K)
 Metaspace       used 97990K, committed 100352K, reserved 1179648K
  class space    used 14177K, committed 15360K, reserved 1048576K
}
Event: 141.825 GC heap before
{Heap before GC invocations=40 (full 0):
 garbage-first heap   total 184320K, used 162091K [0x0000000600000000, 0x0000000800000000)
  region size 4096K, 16 young (65536K), 2 survivors (8192K)
 Metaspace       used 100934K, committed 103424K, reserved 1179648K
  class space    used 14642K, committed 15872K, reserved 1048576K
}
Event: 141.920 GC heap after
{Heap after GC invocations=41 (full 0):
 garbage-first heap   total 184320K, used 106503K [0x0000000600000000, 0x0000000800000000)
  region size 4096K, 1 young (4096K), 1 survivors (4096K)
 Metaspace       used 100934K, committed 103424K, reserved 1179648K
  class space    used 14642K, committed 15872K, reserved 1048576K
}

