# JRE version: Java(TM) SE Runtime Environment (22.0.2+9) (build 22.0.2+9-70)
# Java VM: Java HotSpot(TM) 64-Bit Server VM (22.0.2+9-70, mixed mode, sharing, tiered, compressed oops, compressed class ptrs, g1 gc, windows-amd64)
GC Precious Log:
 CardTable entry size: 512
 Card Set container configuration: InlinePtr #cards 4 size 8 Array Of Cards #cards 32 size 80 Howl #buckets 8 coarsen threshold 7372 Howl Bitmap #cards 1024 size 144 coarsen threshold 921 Card regions per heap region 1 cards per card region 8192
 CPUs: 8 total, 8 available
 Memory: 8071M
 Large Page Support: Disabled
 NUMA Support: Disabled
 Compressed Oops: Enabled (Zero based)
 Heap Region Size: 4M
 Heap Min Capacity: 8M
 Heap Initial Capacity: 128M
 Heap Max Capacity: 8G
 Pre-touch: Disabled
 Parallel Workers: 8
 Concurrent Workers: 2
 Concurrent Refinement Workers: 8
 Periodic GC: Disabled
Heap:
 garbage-first heap   total reserved 8388608K, committed 139264K, used 103679K [0x0000000600000000, 0x0000000800000000)
  region size 4096K, 9 young (36864K), 1 survivors (4096K)
 Metaspace       used 79545K, committed 81984K, reserved 1179648K
  class space    used 11676K, committed 12800K, reserved 1048576K
GC Heap History (20 events):
Event: 32.523 GC heap before
{Heap before GC invocations=21 (full 0):
 garbage-first heap   total reserved 8388608K, committed 110592K, used 94143K [0x0000000600000000, 0x0000000800000000)
  region size 4096K, 10 young (40960K), 1 survivors (4096K)
 Metaspace       used 69529K, committed 71808K, reserved 1114112K
  class space    used 10246K, committed 11328K, reserved 1048576K
}
Event: 32.534 GC heap after
{Heap after GC invocations=22 (full 0):
 garbage-first heap   total reserved 8388608K, committed 110592K, used 58657K [0x0000000600000000, 0x0000000800000000)
  region size 4096K, 2 young (8192K), 2 survivors (8192K)
 Metaspace       used 69529K, committed 71808K, reserved 1114112K
  class space    used 10246K, committed 11328K, reserved 1048576K
}
Event: 33.920 GC heap before
{Heap before GC invocations=22 (full 0):
 garbage-first heap   total reserved 8388608K, committed 110592K, used 91425K [0x0000000600000000, 0x0000000800000000)
  region size 4096K, 10 young (40960K), 2 survivors (8192K)
 Metaspace       used 71080K, committed 73472K, reserved 1114112K
  class space    used 10489K, committed 11648K, reserved 1048576K
}
Event: 33.938 GC heap after
{Heap after GC invocations=23 (full 0):
 garbage-first heap   total reserved 8388608K, committed 110592K, used 62278K [0x0000000600000000, 0x0000000800000000)
  region size 4096K, 2 young (8192K), 2 survivors (8192K)
 Metaspace       used 71080K, committed 73472K, reserved 1114112K
  class space    used 10489K, committed 11648K, reserved 1048576K
}
Event: 36.249 GC heap before
{Heap before GC invocations=24 (full 0):
 garbage-first heap   total reserved 8388608K, committed 110592K, used 90950K [0x0000000600000000, 0x0000000800000000)
  region size 4096K, 9 young (36864K), 2 survivors (8192K)
 Metaspace       used 73454K, committed 75840K, reserved 1114112K
  class space    used 10937K, committed 12096K, reserved 1048576K
}
Event: 36.260 GC heap after
{Heap after GC invocations=25 (full 0):
 garbage-first heap   total reserved 8388608K, committed 110592K, used 64547K [0x0000000600000000, 0x0000000800000000)
  region size 4096K, 2 young (8192K), 2 survivors (8192K)
 Metaspace       used 73454K, committed 75840K, reserved 1114112K
  class space    used 10937K, committed 12096K, reserved 1048576K
}
Event: 38.141 GC heap before
{Heap before GC invocations=25 (full 0):
 garbage-first heap   total reserved 8388608K, committed 110592K, used 89123K [0x0000000600000000, 0x0000000800000000)
  region size 4096K, 8 young (32768K), 2 survivors (8192K)
 Metaspace       used 74999K, committed 77440K, reserved 1114112K
  class space    used 11157K, committed 12352K, reserved 1048576K
}
Event: 38.154 GC heap after
{Heap after GC invocations=26 (full 0):
 garbage-first heap   total reserved 8388608K, committed 110592K, used 66174K [0x0000000600000000, 0x0000000800000000)
  region size 4096K, 1 young (4096K), 1 survivors (4096K)
 Metaspace       used 74999K, committed 77440K, reserved 1114112K
  class space    used 11157K, committed 12352K, reserved 1048576K
}
Event: 41.737 GC heap before
{Heap before GC invocations=27 (full 0):
 garbage-first heap   total reserved 8388608K, committed 118784K, used 90750K [0x0000000600000000, 0x0000000800000000)
  region size 4096K, 8 young (32768K), 1 survivors (4096K)
 Metaspace       used 78022K, committed 80512K, reserved 1179648K
  class space    used 11537K, committed 12672K, reserved 1048576K
}
Event: 41.743 GC heap after
{Heap after GC invocations=28 (full 0):
 garbage-first heap   total reserved 8388608K, committed 118784K, used 69104K [0x0000000600000000, 0x0000000800000000)
  region size 4096K, 1 young (4096K), 1 survivors (4096K)
 Metaspace       used 78022K, committed 80512K, reserved 1179648K
  class space    used 11537K, committed 12672K, reserved 1048576K
}
Event: 66.565 GC heap before
{Heap before GC invocations=28 (full 0):
 garbage-first heap   total reserved 8388608K, committed 118784K, used 101872K [0x0000000600000000, 0x0000000800000000)
  region size 4096K, 10 young (40960K), 1 survivors (4096K)
 Metaspace       used 79013K, committed 81472K, reserved 1179648K
  class space    used 11641K, committed 12800K, reserved 1048576K
}
Event: 66.577 GC heap after
{Heap after GC invocations=29 (full 0):
 garbage-first heap   total reserved 8388608K, committed 118784K, used 73241K [0x0000000600000000, 0x0000000800000000)
  region size 4096K, 2 young (8192K), 2 survivors (8192K)
 Metaspace       used 79013K, committed 81472K, reserved 1179648K
  class space    used 11641K, committed 12800K, reserved 1048576K
}
Event: 67.783 GC heap before
{Heap before GC invocations=30 (full 0):
 garbage-first heap   total reserved 8388608K, committed 122880K, used 97817K [0x0000000600000000, 0x0000000800000000)
  region size 4096K, 9 young (36864K), 2 survivors (8192K)
 Metaspace       used 79187K, committed 81664K, reserved 1179648K
  class space    used 11645K, committed 12800K, reserved 1048576K
}
Event: 67.792 GC heap after
{Heap after GC invocations=31 (full 0):
 garbage-first heap   total reserved 8388608K, committed 122880K, used 74603K [0x0000000600000000, 0x0000000800000000)
  region size 4096K, 2 young (8192K), 2 survivors (8192K)
 Metaspace       used 79187K, committed 81664K, reserved 1179648K
  class space    used 11645K, committed 12800K, reserved 1048576K
}
Event: 68.817 GC heap before
{Heap before GC invocations=31 (full 0):
 garbage-first heap   total reserved 8388608K, committed 122880K, used 99179K [0x0000000600000000, 0x0000000800000000)
  region size 4096K, 9 young (36864K), 2 survivors (8192K)
 Metaspace       used 79226K, committed 81664K, reserved 1179648K
  class space    used 11645K, committed 12800K, reserved 1048576K
}
Event: 68.828 GC heap after
{Heap after GC invocations=32 (full 0):
 garbage-first heap   total reserved 8388608K, committed 122880K, used 75502K [0x0000000600000000, 0x0000000800000000)
  region size 4096K, 1 young (4096K), 1 survivors (4096K)
 Metaspace       used 79226K, committed 81664K, reserved 1179648K
  class space    used 11645K, committed 12800K, reserved 1048576K
}
Event: 70.025 GC heap before
{Heap before GC invocations=32 (full 0):
 garbage-first heap   total reserved 8388608K, committed 122880K, used 104174K [0x0000000600000000, 0x0000000800000000)
  region size 4096K, 9 young (36864K), 1 survivors (4096K)
 Metaspace       used 79234K, committed 81664K, reserved 1179648K
  class space    used 11645K, committed 12800K, reserved 1048576K
}
Event: 70.030 GC heap after
{Heap after GC invocations=33 (full 0):
 garbage-first heap   total reserved 8388608K, committed 122880K, used 77100K [0x0000000600000000, 0x0000000800000000)
  region size 4096K, 2 young (8192K), 2 survivors (8192K)
 Metaspace       used 79234K, committed 81664K, reserved 1179648K
  class space    used 11645K, committed 12800K, reserved 1048576K
}
Event: 70.876 GC heap before
{Heap before GC invocations=34 (full 0):
 garbage-first heap   total reserved 8388608K, committed 139264K, used 97580K [0x0000000600000000, 0x0000000800000000)
  region size 4096K, 7 young (28672K), 2 survivors (8192K)
 Metaspace       used 79358K, committed 81792K, reserved 1179648K
  class space    used 11656K, committed 12800K, reserved 1048576K
}
Event: 70.884 GC heap after
{Heap after GC invocations=35 (full 0):
 garbage-first heap   total reserved 8388608K, committed 139264K, used 79103K [0x0000000600000000, 0x0000000800000000)
  region size 4096K, 1 young (4096K), 1 survivors (4096K)
 Metaspace       used 79358K, committed 81792K, reserved 1179648K
  class space    used 11656K, committed 12800K, reserved 1048576K
}

