# JRE version: Java(TM) SE Runtime Environment (22.0.2+9) (build 22.0.2+9-70)
# Java VM: Java HotSpot(TM) 64-Bit Server VM (22.0.2+9-70, mixed mode, sharing, tiered, compressed oops, compressed class ptrs, g1 gc, windows-amd64)
GC Precious Log:
 CardTable entry size: 512
 Card Set container configuration: InlinePtr #cards 4 size 8 Array Of Cards #cards 32 size 80 Howl #buckets 8 coarsen threshold 7372 Howl Bitmap #cards 1024 size 144 coarsen threshold 921 Card regions per heap region 1 cards per card region 8192
 CPUs: 8 total, 8 available
 Memory: 8071M
 Large Page Support: Disabled
 NUMA Support: Disabled
 Compressed Oops: Enabled (Zero based)
 Heap Region Size: 4M
 Heap Min Capacity: 8M
 Heap Initial Capacity: 128M
 Heap Max Capacity: 8G
 Pre-touch: Disabled
 Parallel Workers: 8
 Concurrent Workers: 2
 Concurrent Refinement Workers: 8
 Periodic GC: Disabled
Heap:
 garbage-first heap   total reserved 8388608K, committed 131072K, used 87425K [0x0000000600000000, 0x0000000800000000)
  region size 4096K, 6 young (24576K), 2 survivors (8192K)
 Metaspace       used 80590K, committed 83072K, reserved 1179648K
  class space    used 11833K, committed 12992K, reserved 1048576K
GC Heap History (20 events):
Event: 41.496 GC heap before
{Heap before GC invocations=19 (full 0):
 garbage-first heap   total reserved 8388608K, committed 110592K, used 95335K [0x0000000600000000, 0x0000000800000000)
  region size 4096K, 11 young (45056K), 1 survivors (4096K)
 Metaspace       used 65081K, committed 67264K, reserved 1114112K
  class space    used 9607K, committed 10624K, reserved 1048576K
}
Event: 41.500 GC heap after
{Heap after GC invocations=20 (full 0):
 garbage-first heap   total reserved 8388608K, committed 110592K, used 55353K [0x0000000600000000, 0x0000000800000000)
  region size 4096K, 1 young (4096K), 1 survivors (4096K)
 Metaspace       used 65081K, committed 67264K, reserved 1114112K
  class space    used 9607K, committed 10624K, reserved 1048576K
}
Event: 44.065 GC heap before
{Heap before GC invocations=21 (full 0):
 garbage-first heap   total reserved 8388608K, committed 110592K, used 96313K [0x0000000600000000, 0x0000000800000000)
  region size 4096K, 11 young (45056K), 1 survivors (4096K)
 Metaspace       used 68161K, committed 70464K, reserved 1114112K
  class space    used 10049K, committed 11136K, reserved 1048576K
}
Event: 44.077 GC heap after
{Heap after GC invocations=22 (full 0):
 garbage-first heap   total reserved 8388608K, committed 110592K, used 57487K [0x0000000600000000, 0x0000000800000000)
  region size 4096K, 2 young (8192K), 2 survivors (8192K)
 Metaspace       used 68161K, committed 70464K, reserved 1114112K
  class space    used 10049K, committed 11136K, reserved 1048576K
}
Event: 47.074 GC heap before
{Heap before GC invocations=22 (full 0):
 garbage-first heap   total reserved 8388608K, committed 110592K, used 90255K [0x0000000600000000, 0x0000000800000000)
  region size 4096K, 10 young (40960K), 2 survivors (8192K)
 Metaspace       used 69852K, committed 72192K, reserved 1114112K
  class space    used 10298K, committed 11392K, reserved 1048576K
}
Event: 47.085 GC heap after
{Heap after GC invocations=23 (full 0):
 garbage-first heap   total reserved 8388608K, committed 110592K, used 59753K [0x0000000600000000, 0x0000000800000000)
  region size 4096K, 2 young (8192K), 2 survivors (8192K)
 Metaspace       used 69852K, committed 72192K, reserved 1114112K
  class space    used 10298K, committed 11392K, reserved 1048576K
}
Event: 48.536 GC heap before
{Heap before GC invocations=23 (full 0):
 garbage-first heap   total reserved 8388608K, committed 110592K, used 88425K [0x0000000600000000, 0x0000000800000000)
  region size 4096K, 9 young (36864K), 2 survivors (8192K)
 Metaspace       used 71163K, committed 73472K, reserved 1114112K
  class space    used 10499K, committed 11584K, reserved 1048576K
}
Event: 48.546 GC heap after
{Heap after GC invocations=24 (full 0):
 garbage-first heap   total reserved 8388608K, committed 110592K, used 63154K [0x0000000600000000, 0x0000000800000000)
  region size 4096K, 2 young (8192K), 2 survivors (8192K)
 Metaspace       used 71163K, committed 73472K, reserved 1114112K
  class space    used 10499K, committed 11584K, reserved 1048576K
}
Event: 114.031 GC heap before
{Heap before GC invocations=25 (full 0):
 garbage-first heap   total reserved 8388608K, committed 110592K, used 91826K [0x0000000600000000, 0x0000000800000000)
  region size 4096K, 9 young (36864K), 2 survivors (8192K)
 Metaspace       used 73571K, committed 75904K, reserved 1114112K
  class space    used 10946K, committed 12032K, reserved 1048576K
}
Event: 114.052 GC heap after
{Heap after GC invocations=26 (full 0):
 garbage-first heap   total reserved 8388608K, committed 110592K, used 64208K [0x0000000600000000, 0x0000000800000000)
  region size 4096K, 2 young (8192K), 2 survivors (8192K)
 Metaspace       used 73571K, committed 75904K, reserved 1114112K
  class space    used 10946K, committed 12032K, reserved 1048576K
}
Event: 116.182 GC heap before
{Heap before GC invocations=26 (full 0):
 garbage-first heap   total reserved 8388608K, committed 110592K, used 88784K [0x0000000600000000, 0x0000000800000000)
  region size 4096K, 8 young (32768K), 2 survivors (8192K)
 Metaspace       used 74563K, committed 76928K, reserved 1114112K
  class space    used 11100K, committed 12224K, reserved 1048576K
}
Event: 116.199 GC heap after
{Heap after GC invocations=27 (full 0):
 garbage-first heap   total reserved 8388608K, committed 110592K, used 66510K [0x0000000600000000, 0x0000000800000000)
  region size 4096K, 1 young (4096K), 1 survivors (4096K)
 Metaspace       used 74563K, committed 76928K, reserved 1114112K
  class space    used 11100K, committed 12224K, reserved 1048576K
}
Event: 117.704 GC heap before
{Heap before GC invocations=28 (full 0):
 garbage-first heap   total reserved 8388608K, committed 118784K, used 95182K [0x0000000600000000, 0x0000000800000000)
  region size 4096K, 8 young (32768K), 1 survivors (4096K)
 Metaspace       used 76934K, committed 79296K, reserved 1179648K
  class space    used 11364K, committed 12480K, reserved 1048576K
}
Event: 117.715 GC heap after
{Heap after GC invocations=29 (full 0):
 garbage-first heap   total reserved 8388608K, committed 118784K, used 69705K [0x0000000600000000, 0x0000000800000000)
  region size 4096K, 1 young (4096K), 1 survivors (4096K)
 Metaspace       used 76934K, committed 79296K, reserved 1179648K
  class space    used 11364K, committed 12480K, reserved 1048576K
}
Event: 197.623 GC heap before
{Heap before GC invocations=29 (full 0):
 garbage-first heap   total reserved 8388608K, committed 118784K, used 102473K [0x0000000600000000, 0x0000000800000000)
  region size 4096K, 9 young (36864K), 1 survivors (4096K)
 Metaspace       used 79765K, committed 82240K, reserved 1179648K
  class space    used 11805K, committed 12992K, reserved 1048576K
}
Event: 197.640 GC heap after
{Heap after GC invocations=30 (full 0):
 garbage-first heap   total reserved 8388608K, committed 118784K, used 70632K [0x0000000600000000, 0x0000000800000000)
  region size 4096K, 2 young (8192K), 2 survivors (8192K)
 Metaspace       used 79765K, committed 82240K, reserved 1179648K
  class space    used 11805K, committed 12992K, reserved 1048576K
}
Event: 208.918 GC heap before
{Heap before GC invocations=31 (full 0):
 garbage-first heap   total reserved 8388608K, committed 131072K, used 91112K [0x0000000600000000, 0x0000000800000000)
  region size 4096K, 7 young (28672K), 2 survivors (8192K)
 Metaspace       used 80220K, committed 82752K, reserved 1179648K
  class space    used 11828K, committed 12992K, reserved 1048576K
}
Event: 208.943 GC heap after
{Heap after GC invocations=32 (full 0):
 garbage-first heap   total reserved 8388608K, committed 131072K, used 74176K [0x0000000600000000, 0x0000000800000000)
  region size 4096K, 1 young (4096K), 1 survivors (4096K)
 Metaspace       used 80220K, committed 82752K, reserved 1179648K
  class space    used 11828K, committed 12992K, reserved 1048576K
}
Event: 258.139 GC heap before
{Heap before GC invocations=32 (full 0):
 garbage-first heap   total reserved 8388608K, committed 131072K, used 111040K [0x0000000600000000, 0x0000000800000000)
  region size 4096K, 10 young (40960K), 1 survivors (4096K)
 Metaspace       used 80395K, committed 82880K, reserved 1179648K
  class space    used 11830K, committed 12992K, reserved 1048576K
}
Event: 258.207 GC heap after
{Heap after GC invocations=33 (full 0):
 garbage-first heap   total reserved 8388608K, committed 131072K, used 75137K [0x0000000600000000, 0x0000000800000000)
  region size 4096K, 2 young (8192K), 2 survivors (8192K)
 Metaspace       used 80395K, committed 82880K, reserved 1179648K
  class space    used 11830K, committed 12992K, reserved 1048576K
}

