# JRE version: Java(TM) SE Runtime Environment (22.0.2+9) (build 22.0.2+9-70)
# Java VM: Java HotSpot(TM) 64-Bit Server VM (22.0.2+9-70, mixed mode, sharing, tiered, compressed oops, compressed class ptrs, g1 gc, windows-amd64)
GC Precious Log:
 CardTable entry size: 512
 Card Set container configuration: InlinePtr #cards 5 size 8 Array Of Cards #cards 12 size 40 Howl #buckets 4 coarsen threshold 1843 Howl Bitmap #cards 512 size 80 coarsen threshold 460 Card regions per heap region 1 cards per card region 2048
 CPUs: 8 total, 8 available
 Memory: 8071M
 Large Page Support: Disabled
 NUMA Support: Disabled
 Compressed Oops: Enabled (32-bit)
 Heap Region Size: 1M
 Heap Min Capacity: 8M
 Heap Initial Capacity: 128M
 Heap Max Capacity: 2018M
 Pre-touch: Disabled
 Parallel Workers: 8
 Concurrent Workers: 2
 Concurrent Refinement Workers: 8
 Periodic GC: Disabled
Heap:
 garbage-first heap   total reserved 2066432K, committed 193536K, used 153651K [0x0000000081e00000, 0x0000000100000000)
  region size 1024K, 44 young (45056K), 5 survivors (5120K)
 Metaspace       used 80444K, committed 80960K, reserved 1179648K
  class space    used 8729K, committed 8960K, reserved 1048576K
GC Heap History (20 events):
Event: 20.818 GC heap before
{Heap before GC invocations=16 (full 0):
 garbage-first heap   total reserved 2066432K, committed 122880K, used 100823K [0x0000000081e00000, 0x0000000100000000)
  region size 1024K, 38 young (38912K), 6 survivors (6144K)
 Metaspace       used 55836K, committed 56192K, reserved 1114112K
  class space    used 6714K, committed 6848K, reserved 1048576K
}
Event: 20.849 GC heap after
{Heap after GC invocations=17 (full 0):
 garbage-first heap   total reserved 2066432K, committed 122880K, used 73687K [0x0000000081e00000, 0x0000000100000000)
  region size 1024K, 5 young (5120K), 5 survivors (5120K)
 Metaspace       used 55836K, committed 56192K, reserved 1114112K
  class space    used 6714K, committed 6848K, reserved 1048576K
}
Event: 26.283 GC heap before
{Heap before GC invocations=18 (full 0):
 garbage-first heap   total reserved 2066432K, committed 122880K, used 104407K [0x0000000081e00000, 0x0000000100000000)
  region size 1024K, 35 young (35840K), 5 survivors (5120K)
 Metaspace       used 58606K, committed 59008K, reserved 1114112K
  class space    used 6981K, committed 7168K, reserved 1048576K
}
Event: 26.316 GC heap after
{Heap after GC invocations=19 (full 0):
 garbage-first heap   total reserved 2066432K, committed 122880K, used 78278K [0x0000000081e00000, 0x0000000100000000)
  region size 1024K, 5 young (5120K), 5 survivors (5120K)
 Metaspace       used 58606K, committed 59008K, reserved 1114112K
  class space    used 6981K, committed 7168K, reserved 1048576K
}
Event: 28.302 GC heap before
{Heap before GC invocations=19 (full 0):
 garbage-first heap   total reserved 2066432K, committed 122880K, used 106950K [0x0000000081e00000, 0x0000000100000000)
  region size 1024K, 33 young (33792K), 5 survivors (5120K)
 Metaspace       used 59797K, committed 60224K, reserved 1114112K
  class space    used 7043K, committed 7232K, reserved 1048576K
}
Event: 28.339 GC heap after
{Heap after GC invocations=20 (full 0):
 garbage-first heap   total reserved 2066432K, committed 122880K, used 83415K [0x0000000081e00000, 0x0000000100000000)
  region size 1024K, 5 young (5120K), 5 survivors (5120K)
 Metaspace       used 59797K, committed 60224K, reserved 1114112K
  class space    used 7043K, committed 7232K, reserved 1048576K
}
Event: 30.134 GC heap before
{Heap before GC invocations=20 (full 0):
 garbage-first heap   total reserved 2066432K, committed 122880K, used 109015K [0x0000000081e00000, 0x0000000100000000)
  region size 1024K, 30 young (30720K), 5 survivors (5120K)
 Metaspace       used 60262K, committed 60672K, reserved 1114112K
  class space    used 7064K, committed 7232K, reserved 1048576K
}
Event: 30.164 GC heap after
{Heap after GC invocations=21 (full 0):
 garbage-first heap   total reserved 2066432K, committed 147456K, used 89559K [0x0000000081e00000, 0x0000000100000000)
  region size 1024K, 4 young (4096K), 4 survivors (4096K)
 Metaspace       used 60262K, committed 60672K, reserved 1114112K
  class space    used 7064K, committed 7232K, reserved 1048576K
}
Event: 33.042 GC heap before
{Heap before GC invocations=22 (full 0):
 garbage-first heap   total reserved 2066432K, committed 150528K, used 126423K [0x0000000081e00000, 0x0000000100000000)
  region size 1024K, 40 young (40960K), 4 survivors (4096K)
 Metaspace       used 60968K, committed 61440K, reserved 1114112K
  class space    used 7091K, committed 7296K, reserved 1048576K
}
Event: 33.063 GC heap after
{Heap after GC invocations=23 (full 0):
 garbage-first heap   total reserved 2066432K, committed 150528K, used 96215K [0x0000000081e00000, 0x0000000100000000)
  region size 1024K, 5 young (5120K), 5 survivors (5120K)
 Metaspace       used 60968K, committed 61440K, reserved 1114112K
  class space    used 7091K, committed 7296K, reserved 1048576K
}
Event: 35.638 GC heap before
{Heap before GC invocations=23 (full 0):
 garbage-first heap   total reserved 2066432K, committed 150528K, used 131031K [0x0000000081e00000, 0x0000000100000000)
  region size 1024K, 39 young (39936K), 5 survivors (5120K)
 Metaspace       used 61580K, committed 61952K, reserved 1114112K
  class space    used 7120K, committed 7296K, reserved 1048576K
}
Event: 35.660 GC heap after
{Heap after GC invocations=24 (full 0):
 garbage-first heap   total reserved 2066432K, committed 150528K, used 100322K [0x0000000081e00000, 0x0000000100000000)
  region size 1024K, 5 young (5120K), 5 survivors (5120K)
 Metaspace       used 61580K, committed 61952K, reserved 1114112K
  class space    used 7120K, committed 7296K, reserved 1048576K
}
Event: 38.099 GC heap before
{Heap before GC invocations=24 (full 0):
 garbage-first heap   total reserved 2066432K, committed 150528K, used 133090K [0x0000000081e00000, 0x0000000100000000)
  region size 1024K, 37 young (37888K), 5 survivors (5120K)
 Metaspace       used 61945K, committed 62336K, reserved 1114112K
  class space    used 7131K, committed 7296K, reserved 1048576K
}
Event: 38.118 GC heap after
{Heap after GC invocations=25 (full 0):
 garbage-first heap   total reserved 2066432K, committed 150528K, used 104694K [0x0000000081e00000, 0x0000000100000000)
  region size 1024K, 5 young (5120K), 5 survivors (5120K)
 Metaspace       used 61945K, committed 62336K, reserved 1114112K
  class space    used 7131K, committed 7296K, reserved 1048576K
}
Event: 42.225 GC heap before
{Heap before GC invocations=26 (full 0):
 garbage-first heap   total reserved 2066432K, committed 176128K, used 134390K [0x0000000081e00000, 0x0000000100000000)
  region size 1024K, 34 young (34816K), 5 survivors (5120K)
 Metaspace       used 64675K, committed 65088K, reserved 1114112K
  class space    used 7292K, committed 7488K, reserved 1048576K
}
Event: 42.236 GC heap after
{Heap after GC invocations=27 (full 0):
 garbage-first heap   total reserved 2066432K, committed 176128K, used 106217K [0x0000000081e00000, 0x0000000100000000)
  region size 1024K, 2 young (2048K), 2 survivors (2048K)
 Metaspace       used 64675K, committed 65088K, reserved 1114112K
  class space    used 7292K, committed 7488K, reserved 1048576K
}
Event: 45.469 GC heap before
{Heap before GC invocations=27 (full 0):
 garbage-first heap   total reserved 2066432K, committed 176128K, used 156393K [0x0000000081e00000, 0x0000000100000000)
  region size 1024K, 51 young (52224K), 2 survivors (2048K)
 Metaspace       used 71105K, committed 71552K, reserved 1114112K
  class space    used 7875K, committed 8064K, reserved 1048576K
}
Event: 45.488 GC heap after
{Heap after GC invocations=28 (full 0):
 garbage-first heap   total reserved 2066432K, committed 176128K, used 110320K [0x0000000081e00000, 0x0000000100000000)
  region size 1024K, 7 young (7168K), 7 survivors (7168K)
 Metaspace       used 71105K, committed 71552K, reserved 1114112K
  class space    used 7875K, committed 8064K, reserved 1048576K
}
Event: 48.927 GC heap before
{Heap before GC invocations=28 (full 0):
 garbage-first heap   total reserved 2066432K, committed 176128K, used 157424K [0x0000000081e00000, 0x0000000100000000)
  region size 1024K, 53 young (54272K), 7 survivors (7168K)
 Metaspace       used 76446K, committed 76928K, reserved 1179648K
  class space    used 8365K, committed 8576K, reserved 1048576K
}
Event: 48.949 GC heap after
{Heap after GC invocations=29 (full 0):
 garbage-first heap   total reserved 2066432K, committed 176128K, used 114739K [0x0000000081e00000, 0x0000000100000000)
  region size 1024K, 5 young (5120K), 5 survivors (5120K)
 Metaspace       used 76446K, committed 76928K, reserved 1179648K
  class space    used 8365K, committed 8576K, reserved 1048576K
}

