# JRE version: Java(TM) SE Runtime Environment (22.0.2+9) (build 22.0.2+9-70)
# Java VM: Java HotSpot(TM) 64-Bit Server VM (22.0.2+9-70, mixed mode, sharing, tiered, compressed oops, compressed class ptrs, g1 gc, windows-amd64)
GC Precious Log:
 CardTable entry size: 512
 Card Set container configuration: InlinePtr #cards 5 size 8 Array Of Cards #cards 12 size 40 Howl #buckets 4 coarsen threshold 1843 Howl Bitmap #cards 512 size 80 coarsen threshold 460 Card regions per heap region 1 cards per card region 2048
 CPUs: 8 total, 8 available
 Memory: 8071M
 Large Page Support: Disabled
 NUMA Support: Disabled
 Compressed Oops: Enabled (32-bit)
 Heap Region Size: 1M
 Heap Min Capacity: 8M
 Heap Initial Capacity: 128M
 Heap Max Capacity: 2018M
 Pre-touch: Disabled
 Parallel Workers: 8
 Concurrent Workers: 2
 Concurrent Refinement Workers: 8
 Periodic GC: Disabled
Heap:
 garbage-first heap   total reserved 2066432K, committed 196608K, used 143422K [0x0000000081e00000, 0x0000000100000000)
  region size 1024K, 31 young (31744K), 4 survivors (4096K)
 Metaspace       used 85403K, committed 85824K, reserved 1179648K
  class space    used 9212K, committed 9408K, reserved 1048576K
GC Heap History (20 events):
Event: 21.421 GC heap before
{Heap before GC invocations=16 (full 0):
 garbage-first heap   total reserved 2066432K, committed 131072K, used 108943K [0x0000000081e00000, 0x0000000100000000)
  region size 1024K, 43 young (44032K), 6 survivors (6144K)
 Metaspace       used 57900K, committed 58304K, reserved 1114112K
  class space    used 6926K, committed 7104K, reserved 1048576K
}
Event: 21.446 GC heap after
{Heap after GC invocations=17 (full 0):
 garbage-first heap   total reserved 2066432K, committed 131072K, used 75737K [0x0000000081e00000, 0x0000000100000000)
  region size 1024K, 5 young (5120K), 5 survivors (5120K)
 Metaspace       used 57900K, committed 58304K, reserved 1114112K
  class space    used 6926K, committed 7104K, reserved 1048576K
}
Event: 24.164 GC heap before
{Heap before GC invocations=18 (full 0):
 garbage-first heap   total reserved 2066432K, committed 131072K, used 111577K [0x0000000081e00000, 0x0000000100000000)
  region size 1024K, 40 young (40960K), 5 survivors (5120K)
 Metaspace       used 59538K, committed 59904K, reserved 1114112K
  class space    used 7043K, committed 7232K, reserved 1048576K
}
Event: 24.189 GC heap after
{Heap after GC invocations=19 (full 0):
 garbage-first heap   total reserved 2066432K, committed 131072K, used 82944K [0x0000000081e00000, 0x0000000100000000)
  region size 1024K, 5 young (5120K), 5 survivors (5120K)
 Metaspace       used 59538K, committed 59904K, reserved 1114112K
  class space    used 7043K, committed 7232K, reserved 1048576K
}
Event: 27.016 GC heap before
{Heap before GC invocations=19 (full 0):
 garbage-first heap   total reserved 2066432K, committed 131072K, used 113664K [0x0000000081e00000, 0x0000000100000000)
  region size 1024K, 35 young (35840K), 5 survivors (5120K)
 Metaspace       used 60225K, committed 60608K, reserved 1114112K
  class space    used 7067K, committed 7232K, reserved 1048576K
}
Event: 27.044 GC heap after
{Heap after GC invocations=20 (full 0):
 garbage-first heap   total reserved 2066432K, committed 131072K, used 88916K [0x0000000081e00000, 0x0000000100000000)
  region size 1024K, 5 young (5120K), 5 survivors (5120K)
 Metaspace       used 60225K, committed 60608K, reserved 1114112K
  class space    used 7067K, committed 7232K, reserved 1048576K
}
Event: 28.824 GC heap before
{Heap before GC invocations=20 (full 0):
 garbage-first heap   total reserved 2066432K, committed 131072K, used 115540K [0x0000000081e00000, 0x0000000100000000)
  region size 1024K, 31 young (31744K), 5 survivors (5120K)
 Metaspace       used 60784K, committed 61184K, reserved 1114112K
  class space    used 7089K, committed 7296K, reserved 1048576K
}
Event: 28.846 GC heap after
{Heap after GC invocations=21 (full 0):
 garbage-first heap   total reserved 2066432K, committed 131072K, used 94681K [0x0000000081e00000, 0x0000000100000000)
  region size 1024K, 4 young (4096K), 4 survivors (4096K)
 Metaspace       used 60784K, committed 61184K, reserved 1114112K
  class space    used 7089K, committed 7296K, reserved 1048576K
}
Event: 30.798 GC heap before
{Heap before GC invocations=22 (full 0):
 garbage-first heap   total reserved 2066432K, committed 158720K, used 117209K [0x0000000081e00000, 0x0000000100000000)
  region size 1024K, 26 young (26624K), 4 survivors (4096K)
 Metaspace       used 61176K, committed 61568K, reserved 1114112K
  class space    used 7103K, committed 7296K, reserved 1048576K
}
Event: 30.814 GC heap after
{Heap after GC invocations=23 (full 0):
 garbage-first heap   total reserved 2066432K, committed 158720K, used 98661K [0x0000000081e00000, 0x0000000100000000)
  region size 1024K, 4 young (4096K), 4 survivors (4096K)
 Metaspace       used 61176K, committed 61568K, reserved 1114112K
  class space    used 7103K, committed 7296K, reserved 1048576K
}
Event: 34.029 GC heap before
{Heap before GC invocations=23 (full 0):
 garbage-first heap   total reserved 2066432K, committed 158720K, used 139621K [0x0000000081e00000, 0x0000000100000000)
  region size 1024K, 44 young (45056K), 4 survivors (4096K)
 Metaspace       used 61766K, committed 62144K, reserved 1114112K
  class space    used 7129K, committed 7296K, reserved 1048576K
}
Event: 34.054 GC heap after
{Heap after GC invocations=24 (full 0):
 garbage-first heap   total reserved 2066432K, committed 158720K, used 101984K [0x0000000081e00000, 0x0000000100000000)
  region size 1024K, 6 young (6144K), 6 survivors (6144K)
 Metaspace       used 61766K, committed 62144K, reserved 1114112K
  class space    used 7129K, committed 7296K, reserved 1048576K
}
Event: 38.475 GC heap before
{Heap before GC invocations=24 (full 0):
 garbage-first heap   total reserved 2066432K, committed 158720K, used 140896K [0x0000000081e00000, 0x0000000100000000)
  region size 1024K, 44 young (45056K), 6 survivors (6144K)
 Metaspace       used 64614K, committed 65024K, reserved 1114112K
  class space    used 7293K, committed 7488K, reserved 1048576K
}
Event: 38.496 GC heap after
{Heap after GC invocations=25 (full 0):
 garbage-first heap   total reserved 2066432K, committed 158720K, used 105171K [0x0000000081e00000, 0x0000000100000000)
  region size 1024K, 3 young (3072K), 3 survivors (3072K)
 Metaspace       used 64614K, committed 65024K, reserved 1114112K
  class space    used 7293K, committed 7488K, reserved 1048576K
}
Event: 40.527 GC heap before
{Heap before GC invocations=26 (full 0):
 garbage-first heap   total reserved 2066432K, committed 176128K, used 143059K [0x0000000081e00000, 0x0000000100000000)
  region size 1024K, 41 young (41984K), 3 survivors (3072K)
 Metaspace       used 69362K, committed 69760K, reserved 1114112K
  class space    used 7714K, committed 7872K, reserved 1048576K
}
Event: 40.543 GC heap after
{Heap after GC invocations=27 (full 0):
 garbage-first heap   total reserved 2066432K, committed 176128K, used 109075K [0x0000000081e00000, 0x0000000100000000)
  region size 1024K, 6 young (6144K), 6 survivors (6144K)
 Metaspace       used 69362K, committed 69760K, reserved 1114112K
  class space    used 7714K, committed 7872K, reserved 1048576K
}
Event: 44.577 GC heap before
{Heap before GC invocations=27 (full 0):
 garbage-first heap   total reserved 2066432K, committed 176128K, used 159251K [0x0000000081e00000, 0x0000000100000000)
  region size 1024K, 55 young (56320K), 6 survivors (6144K)
 Metaspace       used 75842K, committed 76288K, reserved 1179648K
  class space    used 8325K, committed 8512K, reserved 1048576K
}
Event: 44.602 GC heap after
{Heap after GC invocations=28 (full 0):
 garbage-first heap   total reserved 2066432K, committed 176128K, used 114158K [0x0000000081e00000, 0x0000000100000000)
  region size 1024K, 6 young (6144K), 6 survivors (6144K)
 Metaspace       used 75842K, committed 76288K, reserved 1179648K
  class space    used 8325K, committed 8512K, reserved 1048576K
}
Event: 47.584 GC heap before
{Heap before GC invocations=28 (full 0):
 garbage-first heap   total reserved 2066432K, committed 176128K, used 159214K [0x0000000081e00000, 0x0000000100000000)
  region size 1024K, 50 young (51200K), 6 survivors (6144K)
 Metaspace       used 80864K, committed 81280K, reserved 1179648K
  class space    used 8791K, committed 8960K, reserved 1048576K
}
Event: 47.603 GC heap after
{Heap after GC invocations=29 (full 0):
 garbage-first heap   total reserved 2066432K, committed 176128K, used 116798K [0x0000000081e00000, 0x0000000100000000)
  region size 1024K, 4 young (4096K), 4 survivors (4096K)
 Metaspace       used 80864K, committed 81280K, reserved 1179648K
  class space    used 8791K, committed 8960K, reserved 1048576K
}

