# JRE version: Java(TM) SE Runtime Environment (22.0.2+9) (build 22.0.2+9-70)
# Java VM: Java HotSpot(TM) 64-Bit Server VM (22.0.2+9-70, mixed mode, sharing, tiered, compressed oops, compressed class ptrs, g1 gc, windows-amd64)
GC Precious Log:
 CardTable entry size: 512
 Card Set container configuration: InlinePtr #cards 4 size 8 Array Of Cards #cards 32 size 80 Howl #buckets 8 coarsen threshold 7372 Howl Bitmap #cards 1024 size 144 coarsen threshold 921 Card regions per heap region 1 cards per card region 8192
 CPUs: 8 total, 8 available
 Memory: 8071M
 Large Page Support: Disabled
 NUMA Support: Disabled
 Compressed Oops: Enabled (Zero based)
 Heap Region Size: 4M
 Heap Min Capacity: 8M
 Heap Initial Capacity: 128M
 Heap Max Capacity: 8G
 Pre-touch: Disabled
 Parallel Workers: 8
 Concurrent Workers: 2
 Concurrent Refinement Workers: 8
 Periodic GC: Disabled
Heap:
 garbage-first heap   total reserved 8388608K, committed 221184K, used 138857K [0x0000000600000000, 0x0000000800000000)
  region size 4096K, 5 young (20480K), 3 survivors (12288K)
 Metaspace       used 125622K, committed 128384K, reserved 1179648K
  class space    used 18097K, committed 19456K, reserved 1048576K
GC Heap History (20 events):
Event: 303.891 GC heap before
{Heap before GC invocations=50 (full 0):
 garbage-first heap   total reserved 8388608K, committed 200704K, used 168721K [0x0000000600000000, 0x0000000800000000)
  region size 4096K, 15 young (61440K), 2 survivors (8192K)
 Metaspace       used 103858K, committed 106496K, reserved 1179648K
  class space    used 15052K, committed 16320K, reserved 1048576K
}
Event: 303.952 GC heap after
{Heap after GC invocations=51 (full 0):
 garbage-first heap   total reserved 8388608K, committed 200704K, used 118752K [0x0000000600000000, 0x0000000800000000)
  region size 4096K, 1 young (4096K), 1 survivors (4096K)
 Metaspace       used 103858K, committed 106496K, reserved 1179648K
  class space    used 15052K, committed 16320K, reserved 1048576K
}
Event: 338.458 GC heap before
{Heap before GC invocations=52 (full 0):
 garbage-first heap   total reserved 8388608K, committed 204800K, used 176096K [0x0000000600000000, 0x0000000800000000)
  region size 4096K, 15 young (61440K), 1 survivors (4096K)
 Metaspace       used 104116K, committed 106752K, reserved 1179648K
  class space    used 15054K, committed 16320K, reserved 1048576K
}
Event: 338.482 GC heap after
{Heap after GC invocations=53 (full 0):
 garbage-first heap   total reserved 8388608K, committed 204800K, used 116085K [0x0000000600000000, 0x0000000800000000)
  region size 4096K, 1 young (4096K), 1 survivors (4096K)
 Metaspace       used 104116K, committed 106752K, reserved 1179648K
  class space    used 15054K, committed 16320K, reserved 1048576K
}
Event: 366.134 GC heap before
{Heap before GC invocations=53 (full 0):
 garbage-first heap   total reserved 8388608K, committed 204800K, used 181621K [0x0000000600000000, 0x0000000800000000)
  region size 4096K, 17 young (69632K), 1 survivors (4096K)
 Metaspace       used 104408K, committed 107072K, reserved 1179648K
  class space    used 15063K, committed 16320K, reserved 1048576K
}
Event: 366.257 GC heap after
{Heap after GC invocations=54 (full 0):
 garbage-first heap   total reserved 8388608K, committed 204800K, used 115032K [0x0000000600000000, 0x0000000800000000)
  region size 4096K, 2 young (8192K), 2 survivors (8192K)
 Metaspace       used 104408K, committed 107072K, reserved 1179648K
  class space    used 15063K, committed 16320K, reserved 1048576K
}
Event: 369.801 GC heap before
{Heap before GC invocations=54 (full 0):
 garbage-first heap   total reserved 8388608K, committed 204800K, used 176472K [0x0000000600000000, 0x0000000800000000)
  region size 4096K, 18 young (73728K), 2 survivors (8192K)
 Metaspace       used 104477K, committed 107136K, reserved 1179648K
  class space    used 15064K, committed 16320K, reserved 1048576K
}
Event: 369.821 GC heap after
{Heap after GC invocations=55 (full 0):
 garbage-first heap   total reserved 8388608K, committed 204800K, used 118606K [0x0000000600000000, 0x0000000800000000)
  region size 4096K, 3 young (12288K), 3 survivors (12288K)
 Metaspace       used 104477K, committed 107136K, reserved 1179648K
  class space    used 15064K, committed 16320K, reserved 1048576K
}
Event: 373.927 GC heap before
{Heap before GC invocations=56 (full 0):
 garbage-first heap   total reserved 8388608K, committed 204800K, used 171854K [0x0000000600000000, 0x0000000800000000)
  region size 4096K, 17 young (69632K), 3 survivors (12288K)
 Metaspace       used 106334K, committed 109056K, reserved 1179648K
  class space    used 15277K, committed 16576K, reserved 1048576K
}
Event: 373.945 GC heap after
{Heap after GC invocations=57 (full 0):
 garbage-first heap   total reserved 8388608K, committed 204800K, used 119589K [0x0000000600000000, 0x0000000800000000)
  region size 4096K, 2 young (8192K), 2 survivors (8192K)
 Metaspace       used 106334K, committed 109056K, reserved 1179648K
  class space    used 15277K, committed 16576K, reserved 1048576K
}
Event: 377.225 GC heap before
{Heap before GC invocations=57 (full 0):
 garbage-first heap   total reserved 8388608K, committed 204800K, used 176933K [0x0000000600000000, 0x0000000800000000)
  region size 4096K, 17 young (69632K), 2 survivors (8192K)
 Metaspace       used 111007K, committed 113664K, reserved 1179648K
  class space    used 15828K, committed 17088K, reserved 1048576K
}
Event: 377.248 GC heap after
{Heap after GC invocations=58 (full 0):
 garbage-first heap   total reserved 8388608K, committed 204800K, used 121828K [0x0000000600000000, 0x0000000800000000)
  region size 4096K, 3 young (12288K), 3 survivors (12288K)
 Metaspace       used 111007K, committed 113664K, reserved 1179648K
  class space    used 15828K, committed 17088K, reserved 1048576K
}
Event: 379.423 GC heap before
{Heap before GC invocations=58 (full 0):
 garbage-first heap   total reserved 8388608K, committed 204800K, used 175076K [0x0000000600000000, 0x0000000800000000)
  region size 4096K, 16 young (65536K), 3 survivors (12288K)
 Metaspace       used 114599K, committed 117376K, reserved 1179648K
  class space    used 16349K, committed 17664K, reserved 1048576K
}
Event: 379.437 GC heap after
{Heap after GC invocations=59 (full 0):
 garbage-first heap   total reserved 8388608K, committed 204800K, used 126383K [0x0000000600000000, 0x0000000800000000)
  region size 4096K, 2 young (8192K), 2 survivors (8192K)
 Metaspace       used 114599K, committed 117376K, reserved 1179648K
  class space    used 16349K, committed 17664K, reserved 1048576K
}
Event: 380.680 GC heap before
{Heap before GC invocations=60 (full 0):
 garbage-first heap   total reserved 8388608K, committed 221184K, used 175535K [0x0000000600000000, 0x0000000800000000)
  region size 4096K, 14 young (57344K), 2 survivors (8192K)
 Metaspace       used 117984K, committed 120768K, reserved 1179648K
  class space    used 16855K, committed 18176K, reserved 1048576K
}
Event: 380.686 GC heap after
{Heap after GC invocations=61 (full 0):
 garbage-first heap   total reserved 8388608K, committed 221184K, used 128332K [0x0000000600000000, 0x0000000800000000)
  region size 4096K, 2 young (8192K), 2 survivors (8192K)
 Metaspace       used 117984K, committed 120768K, reserved 1179648K
  class space    used 16855K, committed 18176K, reserved 1048576K
}
Event: 386.744 GC heap before
{Heap before GC invocations=61 (full 0):
 garbage-first heap   total reserved 8388608K, committed 221184K, used 189772K [0x0000000600000000, 0x0000000800000000)
  region size 4096K, 18 young (73728K), 2 survivors (8192K)
 Metaspace       used 123048K, committed 125824K, reserved 1179648K
  class space    used 17669K, committed 19008K, reserved 1048576K
}
Event: 386.759 GC heap after
{Heap after GC invocations=62 (full 0):
 garbage-first heap   total reserved 8388608K, committed 221184K, used 129958K [0x0000000600000000, 0x0000000800000000)
  region size 4096K, 3 young (12288K), 3 survivors (12288K)
 Metaspace       used 123048K, committed 125824K, reserved 1179648K
  class space    used 17669K, committed 19008K, reserved 1048576K
}
Event: 390.126 GC heap before
{Heap before GC invocations=62 (full 0):
 garbage-first heap   total reserved 8388608K, committed 221184K, used 187302K [0x0000000600000000, 0x0000000800000000)
  region size 4096K, 17 young (69632K), 3 survivors (12288K)
 Metaspace       used 125602K, committed 128384K, reserved 1179648K
  class space    used 18097K, committed 19456K, reserved 1048576K
}
Event: 390.146 GC heap after
{Heap after GC invocations=63 (full 0):
 garbage-first heap   total reserved 8388608K, committed 221184K, used 134761K [0x0000000600000000, 0x0000000800000000)
  region size 4096K, 3 young (12288K), 3 survivors (12288K)
 Metaspace       used 125602K, committed 128384K, reserved 1179648K
  class space    used 18097K, committed 19456K, reserved 1048576K
}

