# JRE version: Java(TM) SE Runtime Environment (22.0.2+9) (build 22.0.2+9-70)
# Java VM: Java HotSpot(TM) 64-Bit Server VM (22.0.2+9-70, mixed mode, sharing, tiered, compressed oops, compressed class ptrs, g1 gc, windows-amd64)
GC Precious Log:
 CardTable entry size: 512
 Card Set container configuration: InlinePtr #cards 4 size 8 Array Of Cards #cards 32 size 80 Howl #buckets 8 coarsen threshold 7372 Howl Bitmap #cards 1024 size 144 coarsen threshold 921 Card regions per heap region 1 cards per card region 8192
 CPUs: 8 total, 8 available
 Memory: 8071M
 Large Page Support: Disabled
 NUMA Support: Disabled
 Compressed Oops: Enabled (Zero based)
 Heap Region Size: 4M
 Heap Min Capacity: 8M
 Heap Initial Capacity: 128M
 Heap Max Capacity: 8G
 Pre-touch: Disabled
 Parallel Workers: 8
 Concurrent Workers: 2
 Concurrent Refinement Workers: 8
 Periodic GC: Disabled
Heap:
 garbage-first heap   total reserved 8388608K, committed 221184K, used 172494K [0x0000000600000000, 0x0000000800000000)
  region size 4096K, 13 young (53248K), 1 survivors (4096K)
 Metaspace       used 105497K, committed 108224K, reserved 1179648K
  class space    used 15147K, committed 16448K, reserved 1048576K
GC Heap History (20 events):
Event: 155.566 GC heap before
{Heap before GC invocations=45 (full 0):
 garbage-first heap   total reserved 8388608K, committed 208896K, used 174400K [0x0000000600000000, 0x0000000800000000)
  region size 4096K, 20 young (81920K), 3 survivors (12288K)
 Metaspace       used 87572K, committed 90112K, reserved 1179648K
  class space    used 12587K, committed 13824K, reserved 1048576K
}
Event: 155.578 GC heap after
{Heap after GC invocations=46 (full 0):
 garbage-first heap   total reserved 8388608K, committed 208896K, used 115729K [0x0000000600000000, 0x0000000800000000)
  region size 4096K, 2 young (8192K), 2 survivors (8192K)
 Metaspace       used 87572K, committed 90112K, reserved 1179648K
  class space    used 12587K, committed 13824K, reserved 1048576K
}
Event: 159.246 GC heap before
{Heap before GC invocations=46 (full 0):
 garbage-first heap   total reserved 8388608K, committed 208896K, used 181265K [0x0000000600000000, 0x0000000800000000)
  region size 4096K, 18 young (73728K), 2 survivors (8192K)
 Metaspace       used 91576K, committed 94208K, reserved 1179648K
  class space    used 13088K, committed 14336K, reserved 1048576K
}
Event: 159.255 GC heap after
{Heap after GC invocations=47 (full 0):
 garbage-first heap   total reserved 8388608K, committed 208896K, used 114458K [0x0000000600000000, 0x0000000800000000)
  region size 4096K, 3 young (12288K), 3 survivors (12288K)
 Metaspace       used 91576K, committed 94208K, reserved 1179648K
  class space    used 13088K, committed 14336K, reserved 1048576K
}
Event: 160.402 GC heap before
{Heap before GC invocations=47 (full 0):
 garbage-first heap   total reserved 8388608K, committed 208896K, used 171802K [0x0000000600000000, 0x0000000800000000)
  region size 4096K, 18 young (73728K), 3 survivors (12288K)
 Metaspace       used 95664K, committed 98240K, reserved 1179648K
  class space    used 13685K, committed 14912K, reserved 1048576K
}
Event: 160.411 GC heap after
{Heap after GC invocations=48 (full 0):
 garbage-first heap   total reserved 8388608K, committed 208896K, used 119161K [0x0000000600000000, 0x0000000800000000)
  region size 4096K, 3 young (12288K), 3 survivors (12288K)
 Metaspace       used 95664K, committed 98240K, reserved 1179648K
  class space    used 13685K, committed 14912K, reserved 1048576K
}
Event: 161.462 GC heap before
{Heap before GC invocations=49 (full 0):
 garbage-first heap   total reserved 8388608K, committed 208896K, used 176505K [0x0000000600000000, 0x0000000800000000)
  region size 4096K, 17 young (69632K), 3 survivors (12288K)
 Metaspace       used 98480K, committed 101120K, reserved 1179648K
  class space    used 14098K, committed 15360K, reserved 1048576K
}
Event: 161.472 GC heap after
{Heap after GC invocations=50 (full 0):
 garbage-first heap   total reserved 8388608K, committed 208896K, used 122742K [0x0000000600000000, 0x0000000800000000)
  region size 4096K, 3 young (12288K), 3 survivors (12288K)
 Metaspace       used 98480K, committed 101120K, reserved 1179648K
  class space    used 14098K, committed 15360K, reserved 1048576K
}
Event: 162.558 GC heap before
{Heap before GC invocations=50 (full 0):
 garbage-first heap   total reserved 8388608K, committed 208896K, used 175990K [0x0000000600000000, 0x0000000800000000)
  region size 4096K, 16 young (65536K), 3 survivors (12288K)
 Metaspace       used 102339K, committed 104960K, reserved 1179648K
  class space    used 14812K, committed 16064K, reserved 1048576K
}
Event: 162.573 GC heap after
{Heap after GC invocations=51 (full 0):
 garbage-first heap   total reserved 8388608K, committed 208896K, used 121432K [0x0000000600000000, 0x0000000800000000)
  region size 4096K, 2 young (8192K), 2 survivors (8192K)
 Metaspace       used 102339K, committed 104960K, reserved 1179648K
  class space    used 14812K, committed 16064K, reserved 1048576K
}
Event: 167.051 GC heap before
{Heap before GC invocations=51 (full 0):
 garbage-first heap   total reserved 8388608K, committed 208896K, used 174680K [0x0000000600000000, 0x0000000800000000)
  region size 4096K, 16 young (65536K), 2 survivors (8192K)
 Metaspace       used 104155K, committed 106752K, reserved 1179648K
  class space    used 15068K, committed 16320K, reserved 1048576K
}
Event: 167.059 GC heap after
{Heap after GC invocations=52 (full 0):
 garbage-first heap   total reserved 8388608K, committed 208896K, used 125103K [0x0000000600000000, 0x0000000800000000)
  region size 4096K, 2 young (8192K), 2 survivors (8192K)
 Metaspace       used 104155K, committed 106752K, reserved 1179648K
  class space    used 15068K, committed 16320K, reserved 1048576K
}
Event: 194.851 GC heap before
{Heap before GC invocations=53 (full 0):
 garbage-first heap   total reserved 8388608K, committed 212992K, used 178351K [0x0000000600000000, 0x0000000800000000)
  region size 4096K, 16 young (65536K), 2 survivors (8192K)
 Metaspace       used 104403K, committed 107008K, reserved 1179648K
  class space    used 15070K, committed 16320K, reserved 1048576K
}
Event: 194.922 GC heap after
{Heap after GC invocations=54 (full 0):
 garbage-first heap   total reserved 8388608K, committed 212992K, used 127888K [0x0000000600000000, 0x0000000800000000)
  region size 4096K, 1 young (4096K), 1 survivors (4096K)
 Metaspace       used 104403K, committed 107008K, reserved 1179648K
  class space    used 15070K, committed 16320K, reserved 1048576K
}
Event: 205.395 GC heap before
{Heap before GC invocations=54 (full 0):
 garbage-first heap   total reserved 8388608K, committed 212992K, used 189328K [0x0000000600000000, 0x0000000800000000)
  region size 4096K, 16 young (65536K), 1 survivors (4096K)
 Metaspace       used 104672K, committed 107328K, reserved 1179648K
  class space    used 15089K, committed 16384K, reserved 1048576K
}
Event: 205.413 GC heap after
{Heap after GC invocations=55 (full 0):
 garbage-first heap   total reserved 8388608K, committed 212992K, used 129210K [0x0000000600000000, 0x0000000800000000)
  region size 4096K, 2 young (8192K), 2 survivors (8192K)
 Metaspace       used 104672K, committed 107328K, reserved 1179648K
  class space    used 15089K, committed 16384K, reserved 1048576K
}
Event: 221.628 GC heap before
{Heap before GC invocations=55 (full 0):
 garbage-first heap   total reserved 8388608K, committed 212992K, used 186554K [0x0000000600000000, 0x0000000800000000)
  region size 4096K, 16 young (65536K), 2 survivors (8192K)
 Metaspace       used 104968K, committed 107648K, reserved 1179648K
  class space    used 15103K, committed 16384K, reserved 1048576K
}
Event: 221.639 GC heap after
{Heap after GC invocations=56 (full 0):
 garbage-first heap   total reserved 8388608K, committed 212992K, used 129269K [0x0000000600000000, 0x0000000800000000)
  region size 4096K, 1 young (4096K), 1 survivors (4096K)
 Metaspace       used 104968K, committed 107648K, reserved 1179648K
  class space    used 15103K, committed 16384K, reserved 1048576K
}
Event: 288.375 GC heap before
{Heap before GC invocations=57 (full 0):
 garbage-first heap   total reserved 8388608K, committed 221184K, used 186613K [0x0000000600000000, 0x0000000800000000)
  region size 4096K, 16 young (65536K), 1 survivors (4096K)
 Metaspace       used 105378K, committed 108096K, reserved 1179648K
  class space    used 15146K, committed 16448K, reserved 1048576K
}
Event: 288.397 GC heap after
{Heap after GC invocations=58 (full 0):
 garbage-first heap   total reserved 8388608K, committed 221184K, used 127438K [0x0000000600000000, 0x0000000800000000)
  region size 4096K, 1 young (4096K), 1 survivors (4096K)
 Metaspace       used 105378K, committed 108096K, reserved 1179648K
  class space    used 15146K, committed 16448K, reserved 1048576K
}

